sample/build/intermediates/manifest_merge_blame_file/debug/manifest-merger-blame-debug-report.txt
1<?xml version="1.0" encoding="utf-8"?>
2<manifest xmlns:android="http://schemas.android.com/apk/res/android"
3    package="com.daasuu.camerarecorder_androidtesttest"
4    android:versionCode="1"
5    android:versionName="1.0" >
6
7    <uses-sdk
8        android:minSdkVersion="21"
8-->src\main\AndroidManifest.xml
9        android:targetSdkVersion="28" />
9-->src\main\AndroidManifest.xml
10
11    <!-- Camera permissions -->
12    <uses-feature android:name="android.hardware.camera" />
12-->src\main\AndroidManifest.xml:6:5-60
12-->src\main\AndroidManifest.xml:6:19-57
13    <uses-feature android:name="android.hardware.camera.autofocus" />
13-->src\main\AndroidManifest.xml:7:5-70
13-->src\main\AndroidManifest.xml:7:19-67
14
15    <uses-permission android:name="android.permission.CAMERA" />
15-->src\main\AndroidManifest.xml:9:5-65
15-->src\main\AndroidManifest.xml:9:22-62
16    <uses-permission android:name="android.permission.WRITE_EXTERNAL_STORAGE" />
16-->src\main\AndroidManifest.xml:10:5-81
16-->src\main\AndroidManifest.xml:10:22-78
17
18    <!-- Microphone permissions -->
19    <uses-permission android:name="android.permission.RECORD_AUDIO" />
19-->src\main\AndroidManifest.xml:13:5-71
19-->src\main\AndroidManifest.xml:13:22-68
20
21    <!-- Require OpenGL ES >= 2.0. -->
22    <uses-feature
22-->src\main\AndroidManifest.xml:16:5-18:35
23        android:glEsVersion="0x00020000"
23-->src\main\AndroidManifest.xml:17:9-41
24        android:required="true" />
24-->src\main\AndroidManifest.xml:18:9-32
25
26    <!-- Although the *SdkVersion is captured in gradle build files, this is required for non gradle builds -->
27    <!-- <uses-sdk android:minSdkVersion="14"/> -->
28    <uses-permission android:name="android.permission.ACCESS_NETWORK_STATE" />
28-->[com.google.firebase:firebase-storage:19.2.0] AndroidManifest.xml:26:5-79
28-->[com.google.firebase:firebase-storage:19.2.0] AndroidManifest.xml:26:22-76
29    <uses-permission android:name="android.permission.INTERNET" />
29-->[com.google.firebase:firebase-storage:19.2.0] AndroidManifest.xml:27:5-67
29-->[com.google.firebase:firebase-storage:19.2.0] AndroidManifest.xml:27:22-64
30
31    <application
31-->src\main\AndroidManifest.xml:20:5-42:19
32        android:allowBackup="true"
32-->src\main\AndroidManifest.xml:21:9-35
33        android:appComponentFactory="androidx.core.app.CoreComponentFactory"
33-->[androidx.core:core:1.0.0] AndroidManifest.xml:22:18-86
34        android:debuggable="true"
35        android:icon="@mipmap/ic_launcher"
35-->src\main\AndroidManifest.xml:22:9-43
36        android:label="@string/app_name"
36-->src\main\AndroidManifest.xml:23:9-41
37        android:roundIcon="@mipmap/ic_launcher_round"
37-->src\main\AndroidManifest.xml:24:9-54
38        android:supportsRtl="true"
38-->src\main\AndroidManifest.xml:25:9-35
39        android:testOnly="true"
40        android:theme="@style/AppTheme" >
40-->src\main\AndroidManifest.xml:26:9-40
41        <activity
41-->src\main\AndroidManifest.xml:27:9-34:20
42            android:name="com.daasuu.sample.MainActivity"
42-->src\main\AndroidManifest.xml:28:13-58
43            android:screenOrientation="portrait" >
43-->src\main\AndroidManifest.xml:29:13-49
44            <intent-filter>
44-->src\main\AndroidManifest.xml:30:13-33:29
45                <action android:name="android.intent.action.MAIN" />
45-->src\main\AndroidManifest.xml:31:17-69
45-->src\main\AndroidManifest.xml:31:25-66
46
47                <category android:name="android.intent.category.LAUNCHER" />
47-->src\main\AndroidManifest.xml:32:17-77
47-->src\main\AndroidManifest.xml:32:27-74
48            </intent-filter>
49        </activity>
50        <activity
50-->src\main\AndroidManifest.xml:35:9-37:52
51            android:name="com.daasuu.sample.PortrateActivity"
51-->src\main\AndroidManifest.xml:36:13-62
52            android:screenOrientation="portrait" />
52-->src\main\AndroidManifest.xml:37:13-49
53        <activity android:name="com.daasuu.sample.SquareActivity" />
53-->src\main\AndroidManifest.xml:38:9-69
53-->src\main\AndroidManifest.xml:38:19-66
54        <activity
54-->src\main\AndroidManifest.xml:39:9-41:53
55            android:name="com.daasuu.sample.LandscapeActivity"
55-->src\main\AndroidManifest.xml:40:13-63
56            android:screenOrientation="landscape" />
56-->src\main\AndroidManifest.xml:41:13-50
57
58        <service
58-->[com.google.firebase:firebase-storage:19.2.0] AndroidManifest.xml:30:9-36:19
59            android:name="com.google.firebase.components.ComponentDiscoveryService"
59-->[com.google.firebase:firebase-storage:19.2.0] AndroidManifest.xml:31:13-84
60            android:directBootAware="true"
60-->[com.google.firebase:firebase-common:19.3.1] AndroidManifest.xml:35:13-43
61            android:exported="false" >
61-->[com.google.firebase:firebase-storage:19.2.0] AndroidManifest.xml:32:13-37
62            <meta-data
62-->[com.google.firebase:firebase-storage:19.2.0] AndroidManifest.xml:33:13-35:85
63                android:name="com.google.firebase.components:com.google.firebase.storage.StorageRegistrar"
63-->[com.google.firebase:firebase-storage:19.2.0] AndroidManifest.xml:34:17-107
64                android:value="com.google.firebase.components.ComponentRegistrar" />
64-->[com.google.firebase:firebase-storage:19.2.0] AndroidManifest.xml:35:17-82
65        </service>
66
67        <activity
67-->[com.google.android.gms:play-services-base:17.0.0] AndroidManifest.xml:23:9-26:75
68            android:name="com.google.android.gms.common.api.GoogleApiActivity"
68-->[com.google.android.gms:play-services-base:17.0.0] AndroidManifest.xml:24:13-79
69            android:exported="false"
69-->[com.google.android.gms:play-services-base:17.0.0] AndroidManifest.xml:25:13-37
70            android:theme="@android:style/Theme.Translucent.NoTitleBar" />
70-->[com.google.android.gms:play-services-base:17.0.0] AndroidManifest.xml:26:13-72
71
72        <provider
72-->[com.google.firebase:firebase-common:19.3.1] AndroidManifest.xml:26:9-31:39
73            android:name="com.google.firebase.provider.FirebaseInitProvider"
73-->[com.google.firebase:firebase-common:19.3.1] AndroidManifest.xml:27:13-77
74            android:authorities="com.daasuu.camerarecorder_androidtesttest.firebaseinitprovider"
74-->[com.google.firebase:firebase-common:19.3.1] AndroidManifest.xml:28:13-72
75            android:directBootAware="true"
75-->[com.google.firebase:firebase-common:19.3.1] AndroidManifest.xml:29:13-43
76            android:exported="false"
76-->[com.google.firebase:firebase-common:19.3.1] AndroidManifest.xml:30:13-37
77            android:initOrder="100" />
77-->[com.google.firebase:firebase-common:19.3.1] AndroidManifest.xml:31:13-36
78
79        <meta-data
79-->[com.google.android.gms:play-services-basement:17.0.0] AndroidManifest.xml:23:9-25:69
80            android:name="com.google.android.gms.version"
80-->[com.google.android.gms:play-services-basement:17.0.0] AndroidManifest.xml:24:13-58
81            android:value="@integer/google_play_services_version" />
81-->[com.google.android.gms:play-services-basement:17.0.0] AndroidManifest.xml:25:13-66
82    </application>
83
84</manifest>